0 info it worked if it ends with ok
1 verbose cli [ 'C:\\Program Files (x86)\\nodejs\\\\node.exe',
1 verbose cli   'C:\\Program Files (x86)\\nodejs\\node_modules\\npm\\bin\\npm-cli.js',
1 verbose cli   'run',
1 verbose cli   'serve' ]
2 info using npm@1.4.28
3 info using node@v0.10.33
4 verbose node symlink C:\Program Files (x86)\nodejs\\node.exe
5 verbose run-script [ 'preserve', 'serve', 'postserve' ]
6 info preserve RedditReactModule@1.0.0
7 info serve RedditReactModule@1.0.0
8 verbose unsafe-perm in lifecycle true
9 info RedditReactModule@1.0.0 Failed to exec serve script
10 error RedditReactModule@1.0.0 serve: `http-server -p 8080`
10 error Exit status 8
11 error Failed at the RedditReactModule@1.0.0 serve script.
11 error This is most likely a problem with the RedditReactModule package,
11 error not with npm itself.
11 error Tell the author that this fails on your system:
11 error     http-server -p 8080
11 error You can get their info via:
11 error     npm owner ls RedditReactModule
11 error There is likely additional logging output above.
12 error System Windows_NT 6.2.9200
13 error command "C:\\Program Files (x86)\\nodejs\\\\node.exe" "C:\\Program Files (x86)\\nodejs\\node_modules\\npm\\bin\\npm-cli.js" "run" "serve"
14 error cwd C:\Users\CharlesR\Documents\GitHub\RedditReactModule
15 error node -v v0.10.33
16 error npm -v 1.4.28
17 error code ELIFECYCLE
18 verbose exit [ 1, true ]
